<?xml version="1.0" encoding="UTF-8"?>
<!-- Generated by org.testng.reporters.JUnitReportReporter -->
<testsuite hostname="DESKTOP-GTM5910" failures="0" tests="6" name="test.E2E_UsetStory" time="2.505" errors="0" timestamp="2023-10-16T19:54:27 IST" skipped="0">
  <testcase classname="test.E2E_UsetStory" name="loginToJira" time="1.612"/>
  <system-out/>
  <testcase classname="test.E2E_UsetStory" name="createStory" time="0.170"/>
  <system-out/>
  <testcase classname="test.E2E_UsetStory" name="getstory" time="0.119"/>
  <system-out/>
  <testcase classname="test.E2E_UsetStory" name="updateStory" time="0.095"/>
  <system-out/>
  <testcase classname="test.E2E_UsetStory" name="getUpdatedstory" time="0.065"/>
  <system-out/>
  <testcase classname="test.E2E_UsetStory" name="Deletestory" time="0.444"/>
  <system-out/>
</testsuite> <!-- test.E2E_UsetStory -->
