<?xml version="1.0" encoding="UTF-8"?>
<!-- Generated by org.testng.reporters.JUnitReportReporter -->
<testsuite hostname="DESKTOP-GTM5910" failures="0" tests="4" name="test.E2E_AddAttachment" time="2.173" errors="0" timestamp="2023-10-16T20:04:35 IST" skipped="0">
  <testcase classname="test.E2E_AddAttachment" name="loginToJira" time="1.620"/>
  <system-out/>
  <testcase classname="test.E2E_AddAttachment" name="createStory" time="0.172"/>
  <system-out/>
  <testcase classname="test.E2E_AddAttachment" name="getstory" time="0.091"/>
  <system-out/>
  <testcase classname="test.E2E_AddAttachment" name="addattachment" time="0.290"/>
  <system-out/>
</testsuite> <!-- test.E2E_AddAttachment -->
